mainActivity/build/outputs/logs/manifest-merger-debug-report.txt
-- Merging decision tree log ---
manifest
ADDED from src\main\AndroidManifest.xml:2:1-246:12
	package
		ADDED from src\main\AndroidManifest.xml:3:5-39
		INJECTED from src\main\AndroidManifest.xml
		INJECTED from src\main\AndroidManifest.xml
	android:versionName
		ADDED from src\main\AndroidManifest.xml:5:5-30
		INJECTED from src\main\AndroidManifest.xml
		INJECTED from src\main\AndroidManifest.xml
	android:versionCode
		ADDED from src\main\AndroidManifest.xml:4:5-28
		INJECTED from src\main\AndroidManifest.xml
		INJECTED from src\main\AndroidManifest.xml
	xmlns:android
		ADDED from src\main\AndroidManifest.xml:2:11-69
uses-sdk
ADDED from src\main\AndroidManifest.xml:7:5-9:41
MERGED from [MainActivity:facebook:unspecified] AndroidManifest.xml:25:5-60
MERGED from [com.android.support:support-v4:22.2.0] AndroidManifest.xml:20:5-43
MERGED from [com.android.support:appcompat-v7:22.2.0] AndroidManifest.xml:20:5-43
MERGED from [com.android.support:support-v4:22.2.0] AndroidManifest.xml:20:5-43
MERGED from [com.vinaygaba:creditcardview:1.0.3] AndroidManifest.xml:7:5-9:41
MERGED from [com.android.support:appcompat-v7:22.2.0] AndroidManifest.xml:20:5-43
MERGED from [com.android.support:support-v4:22.2.0] AndroidManifest.xml:20:5-43
	tools:overrideLibrary
		ADDED from [MainActivity:facebook:unspecified] AndroidManifest.xml:25:15-57
	android:targetSdkVersion
		ADDED from src\main\AndroidManifest.xml:9:9-38
		INJECTED from src\main\AndroidManifest.xml
		INJECTED from src\main\AndroidManifest.xml
	android:minSdkVersion
		ADDED from src\main\AndroidManifest.xml:8:9-35
		INJECTED from src\main\AndroidManifest.xml
		MERGED from src\main\AndroidManifest.xml:8:9-35
		INJECTED from src\main\AndroidManifest.xml
uses-feature#android.hardware.nfc
ADDED from src\main\AndroidManifest.xml:11:5-13:35
	android:required
		ADDED from src\main\AndroidManifest.xml:13:9-32
	android:name
		ADDED from src\main\AndroidManifest.xml:12:9-44
uses-permission#android.permission.READ_PHONE_STATE
ADDED from src\main\AndroidManifest.xml:14:5-75
	android:name
		ADDED from src\main\AndroidManifest.xml:14:22-72
uses-permission#android.permission.INTERNET
ADDED from src\main\AndroidManifest.xml:15:5-67
	android:name
		ADDED from src\main\AndroidManifest.xml:15:22-64
uses-permission#android.permission.NFC
ADDED from src\main\AndroidManifest.xml:16:2-59
	android:name
		ADDED from src\main\AndroidManifest.xml:16:19-56
application
ADDED from src\main\AndroidManifest.xml:17:5-244:19
MERGED from [MainActivity:facebook:unspecified] AndroidManifest.xml:27:5-20
MERGED from [com.android.support:support-v4:22.2.0] AndroidManifest.xml:22:5-20
MERGED from [com.android.support:appcompat-v7:22.2.0] AndroidManifest.xml:22:5-20
MERGED from [com.android.support:support-v4:22.2.0] AndroidManifest.xml:22:5-20
MERGED from [com.vinaygaba:creditcardview:1.0.3] AndroidManifest.xml:11:5-14:19
MERGED from [com.android.support:appcompat-v7:22.2.0] AndroidManifest.xml:22:5-20
MERGED from [com.android.support:support-v4:22.2.0] AndroidManifest.xml:22:5-20
	android:label
		ADDED from src\main\AndroidManifest.xml:21:9-41
	android:allowBackup
		ADDED from src\main\AndroidManifest.xml:19:9-35
	android:icon
		ADDED from src\main\AndroidManifest.xml:20:9-59
	android:theme
		ADDED from src\main\AndroidManifest.xml:22:9-40
	android:name
		ADDED from src\main\AndroidManifest.xml:18:9-54
receiver#homePage.MyAlarmReceiver
ADDED from src\main\AndroidManifest.xml:24:9-61
	android:name
		ADDED from src\main\AndroidManifest.xml:24:19-58
activity#loginSignupPage.SplashActivity
ADDED from src\main\AndroidManifest.xml:25:9-32:20
	android:name
		ADDED from src\main\AndroidManifest.xml:25:19-64
intent-filter#android.intent.action.MAIN+android.intent.category.LAUNCHER
ADDED from src\main\AndroidManifest.xml:26:13-30:29
action#android.intent.action.MAIN
ADDED from src\main\AndroidManifest.xml:27:17-69
	android:name
		ADDED from src\main\AndroidManifest.xml:27:25-66
category#android.intent.category.LAUNCHER
ADDED from src\main\AndroidManifest.xml:29:17-77
	android:name
		ADDED from src\main\AndroidManifest.xml:29:27-74
activity#dynamicMenu.MenuSplashActivity
ADDED from src\main\AndroidManifest.xml:33:10-36:20
	android:name
		ADDED from src\main\AndroidManifest.xml:33:20-65
activity#loginSignupPage.MainActivity
ADDED from src\main\AndroidManifest.xml:37:9-41:20
	android:label
		ADDED from src\main\AndroidManifest.xml:39:13-45
	android:theme
		ADDED from src\main\AndroidManifest.xml:40:13-77
	android:name
		ADDED from src\main\AndroidManifest.xml:38:13-56
activity#loginSignupPage.SignUpActivity
ADDED from src\main\AndroidManifest.xml:42:9-51:20
	android:label
		ADDED from src\main\AndroidManifest.xml:44:13-45
	android:theme
		ADDED from src\main\AndroidManifest.xml:45:13-77
	android:name
		ADDED from src\main\AndroidManifest.xml:43:13-58
intent-filter#android.intent.action.SignUpActivity+android.intent.category.DEFAULT
ADDED from src\main\AndroidManifest.xml:46:13-50:29
action#android.intent.action.SignUpActivity
ADDED from src\main\AndroidManifest.xml:47:17-79
	android:name
		ADDED from src\main\AndroidManifest.xml:47:25-76
category#android.intent.category.DEFAULT
ADDED from src\main\AndroidManifest.xml:49:17-76
	android:name
		ADDED from src\main\AndroidManifest.xml:49:27-73
activity#loginSignupPage.LogInActivity
ADDED from src\main\AndroidManifest.xml:52:9-61:20
	android:label
		ADDED from src\main\AndroidManifest.xml:54:13-45
	android:theme
		ADDED from src\main\AndroidManifest.xml:55:13-77
	android:name
		ADDED from src\main\AndroidManifest.xml:53:13-57
intent-filter#android.intent.action.SignInActivity+android.intent.category.DEFAULT
ADDED from src\main\AndroidManifest.xml:56:13-60:29
action#android.intent.action.SignInActivity
ADDED from src\main\AndroidManifest.xml:57:17-79
	android:name
		ADDED from src\main\AndroidManifest.xml:57:25-76
activity#com.facebook.FacebookActivity
ADDED from src\main\AndroidManifest.xml:71:9-75:20
	android:label
		ADDED from src\main\AndroidManifest.xml:73:13-45
	android:theme
		ADDED from src\main\AndroidManifest.xml:74:13-72
	android:name
		ADDED from src\main\AndroidManifest.xml:72:13-57
activity#homePage.HomePageMainActivity
ADDED from src\main\AndroidManifest.xml:76:9-79:20
	android:label
		ADDED from src\main\AndroidManifest.xml:78:13-45
	android:name
		ADDED from src\main\AndroidManifest.xml:77:13-57
meta-data#com.facebook.sdk.ApplicationId
ADDED from src\main\AndroidManifest.xml:81:9-83:55
	android:value
		ADDED from src\main\AndroidManifest.xml:83:13-52
	android:name
		ADDED from src\main\AndroidManifest.xml:82:13-58
activity#loginSignupPage.SignUpMenuActivity
ADDED from src\main\AndroidManifest.xml:85:9-89:20
	android:label
		ADDED from src\main\AndroidManifest.xml:87:13-45
	android:theme
		ADDED from src\main\AndroidManifest.xml:88:13-77
	android:name
		ADDED from src\main\AndroidManifest.xml:86:13-62
activity#loginSignupPage.LogInMenuActivity
ADDED from src\main\AndroidManifest.xml:90:9-94:20
	android:label
		ADDED from src\main\AndroidManifest.xml:92:13-45
	android:theme
		ADDED from src\main\AndroidManifest.xml:93:13-77
	android:name
		ADDED from src\main\AndroidManifest.xml:91:13-61
service#bookingTable.AddToWaitlistService
ADDED from src\main\AndroidManifest.xml:96:9-69
	android:name
		ADDED from src\main\AndroidManifest.xml:96:18-66
activity#bookingTable.BookingTableMainActivity
ADDED from src\main\AndroidManifest.xml:98:9-114:20
	android:screenOrientation
		ADDED from src\main\AndroidManifest.xml:102:13-49
	android:label
		ADDED from src\main\AndroidManifest.xml:101:13-45
	android:configChanges
		ADDED from src\main\AndroidManifest.xml:100:13-63
	android:theme
		ADDED from src\main\AndroidManifest.xml:103:13-48
	android:name
		ADDED from src\main\AndroidManifest.xml:99:13-65
intent-filter#android.intent.category.DEFAULT+android.nfc.action.NDEF_DISCOVERED
ADDED from src\main\AndroidManifest.xml:104:13-113:29
action#android.nfc.action.NDEF_DISCOVERED
ADDED from src\main\AndroidManifest.xml:105:17-77
	android:name
		ADDED from src\main\AndroidManifest.xml:105:25-74
data
ADDED from src\main\AndroidManifest.xml:109:17-112:45
	android:host
		ADDED from src\main\AndroidManifest.xml:110:21-48
	android:scheme
		ADDED from src\main\AndroidManifest.xml:112:21-42
	android:pathPrefix
		ADDED from src\main\AndroidManifest.xml:111:21-57
activity#bookingTable.NoAvailableTables
ADDED from src\main\AndroidManifest.xml:115:9-125:20
	android:screenOrientation
		ADDED from src\main\AndroidManifest.xml:120:13-49
	android:label
		ADDED from src\main\AndroidManifest.xml:118:13-71
	android:parentActivityName
		ADDED from src\main\AndroidManifest.xml:119:13-79
	android:configChanges
		ADDED from src\main\AndroidManifest.xml:117:13-63
	android:theme
		ADDED from src\main\AndroidManifest.xml:121:13-48
	android:name
		ADDED from src\main\AndroidManifest.xml:116:13-58
meta-data#android.support.PARENT_ACTIVITY
ADDED from src\main\AndroidManifest.xml:122:13-124:73
	android:value
		ADDED from src\main\AndroidManifest.xml:124:17-70
	android:name
		ADDED from src\main\AndroidManifest.xml:123:17-63
activity#bookingTable.AddToWaitList
ADDED from src\main\AndroidManifest.xml:126:9-132:20
	android:screenOrientation
		ADDED from src\main\AndroidManifest.xml:130:13-49
	android:label
		ADDED from src\main\AndroidManifest.xml:129:13-68
	android:configChanges
		ADDED from src\main\AndroidManifest.xml:128:13-63
	android:theme
		ADDED from src\main\AndroidManifest.xml:131:13-48
	android:name
		ADDED from src\main\AndroidManifest.xml:127:13-54
activity#bookingTable.HaveBeenAddedToWaitList
ADDED from src\main\AndroidManifest.xml:133:9-143:20
	android:screenOrientation
		ADDED from src\main\AndroidManifest.xml:138:13-49
	android:label
		ADDED from src\main\AndroidManifest.xml:136:13-80
	android:parentActivityName
		ADDED from src\main\AndroidManifest.xml:137:13-68
	android:configChanges
		ADDED from src\main\AndroidManifest.xml:135:13-63
	android:theme
		ADDED from src\main\AndroidManifest.xml:139:13-48
	android:name
		ADDED from src\main\AndroidManifest.xml:134:13-64
activity#bookingTable.YesAvailableTables
ADDED from src\main\AndroidManifest.xml:144:9-154:20
	android:screenOrientation
		ADDED from src\main\AndroidManifest.xml:149:13-49
	android:label
		ADDED from src\main\AndroidManifest.xml:147:13-72
	android:parentActivityName
		ADDED from src\main\AndroidManifest.xml:148:13-79
	android:configChanges
		ADDED from src\main\AndroidManifest.xml:146:13-63
	android:theme
		ADDED from src\main\AndroidManifest.xml:150:13-48
	android:name
		ADDED from src\main\AndroidManifest.xml:145:13-59
activity#menu.Menu_pdf
ADDED from src\main\AndroidManifest.xml:155:9-168:20
	android:label
		ADDED from src\main\AndroidManifest.xml:157:13-60
	android:name
		ADDED from src\main\AndroidManifest.xml:156:13-41
activity#parking.Parking_lot
ADDED from src\main\AndroidManifest.xml:169:9-183:20
	android:label
		ADDED from src\main\AndroidManifest.xml:171:13-63
	android:theme
		ADDED from src\main\AndroidManifest.xml:172:13-48
	android:name
		ADDED from src\main\AndroidManifest.xml:170:13-47
activity#homePage.ParkingTutorialFragment
ADDED from src\main\AndroidManifest.xml:184:9-187:20
	android:label
		ADDED from src\main\AndroidManifest.xml:186:13-62
	android:name
		ADDED from src\main\AndroidManifest.xml:185:13-60
activity#dynamicMenu.DynamicMenuFragmentActivity
ADDED from src\main\AndroidManifest.xml:188:9-194:20
	android:screenOrientation
		ADDED from src\main\AndroidManifest.xml:191:13-49
	android:label
		ADDED from src\main\AndroidManifest.xml:190:13-45
	android:name
		ADDED from src\main\AndroidManifest.xml:189:13-67
activity#nfc.NFCDetails
ADDED from src\main\AndroidManifest.xml:196:11-209:20
	android:label
		ADDED from src\main\AndroidManifest.xml:198:13-45
	android:parentActivityName
		ADDED from src\main\AndroidManifest.xml:199:15-83
	android:name
		ADDED from src\main\AndroidManifest.xml:197:13-42
activity#payment.PaymentActivity
ADDED from src\main\AndroidManifest.xml:210:13-215:20
	android:label
		ADDED from src\main\AndroidManifest.xml:212:13-53
	android:name
		ADDED from src\main\AndroidManifest.xml:211:13-51
activity#payment.PayBillActivity
ADDED from src\main\AndroidManifest.xml:216:10-220:20
	android:name
		ADDED from src\main\AndroidManifest.xml:217:13-51
activity#payment.SplitItemsActivity
ADDED from src\main\AndroidManifest.xml:221:11-225:20
	android:name
		ADDED from src\main\AndroidManifest.xml:222:13-54
activity#payment.InviteSomeoneActivity
ADDED from src\main\AndroidManifest.xml:227:13-231:20
	android:name
		ADDED from src\main\AndroidManifest.xml:228:13-57
activity#payment.ReviewPageActivity
ADDED from src\main\AndroidManifest.xml:232:9-236:20
	android:name
		ADDED from src\main\AndroidManifest.xml:233:13-54
activity#dynamicMenu.DishStatusActivity
ADDED from src\main\AndroidManifest.xml:237:9-241:20
	android:name
		ADDED from src\main\AndroidManifest.xml:238:13-58
android:uses-permission#android.permission.WRITE_EXTERNAL_STORAGE
IMPLIED from src\main\AndroidManifest.xml:2:1-246:12 reason: com.facebook has a targetSdkVersion < 4
android:uses-permission#android.permission.READ_EXTERNAL_STORAGE
IMPLIED from src\main\AndroidManifest.xml:2:1-246:12 reason: com.facebook requested WRITE_EXTERNAL_STORAGE